CRITICAL - 2023-11-24 22:32:13 --> Undefined global variable $_SESSION
in APPPATH\Views\templates\navBar.php on line 18.
 1 APPPATH\Views\templates\navBar.php(18): CodeIgniter\Debug\Exceptions->errorHandler(2, 'Undefined global variable $_SESSION', 'C:\\xampp\\htdocs\\MyNewsCover2\\app\\Views\\templates\\navBar.php', 18)
 2 SYSTEMPATH\View\View.php(228): include('C:\\xampp\\htdocs\\MyNewsCover2\\app\\Views\\templates\\navBar.php')
 3 SYSTEMPATH\View\View.php(231): CodeIgniter\View\View->CodeIgniter\View\{closure}()
 4 SYSTEMPATH\Common.php(1190): CodeIgniter\View\View->render('templates/navBar', [], true)
 5 APPPATH\Controllers\Home.php(9): view('templates/navBar')
 6 SYSTEMPATH\CodeIgniter.php(942): App\Controllers\Home->index()
 7 SYSTEMPATH\CodeIgniter.php(502): CodeIgniter\CodeIgniter->runController(Object(App\Controllers\Home))
 8 SYSTEMPATH\CodeIgniter.php(361): CodeIgniter\CodeIgniter->handleRequest(null, Object(Config\Cache), false)
 9 FCPATH\index.php(79): CodeIgniter\CodeIgniter->run()
CRITICAL - 2023-11-24 22:32:33 --> Undefined global variable $_SESSION
in APPPATH\Views\templates\navBar.php on line 18.
 1 APPPATH\Views\templates\navBar.php(18): CodeIgniter\Debug\Exceptions->errorHandler(2, 'Undefined global variable $_SESSION', 'C:\\xampp\\htdocs\\MyNewsCover2\\app\\Views\\templates\\navBar.php', 18)
 2 SYSTEMPATH\View\View.php(228): include('C:\\xampp\\htdocs\\MyNewsCover2\\app\\Views\\templates\\navBar.php')
 3 SYSTEMPATH\View\View.php(231): CodeIgniter\View\View->CodeIgniter\View\{closure}()
 4 SYSTEMPATH\Common.php(1190): CodeIgniter\View\View->render('templates/navBar', [], true)
 5 APPPATH\Controllers\Home.php(9): view('templates/navBar')
 6 SYSTEMPATH\CodeIgniter.php(942): App\Controllers\Home->index()
 7 SYSTEMPATH\CodeIgniter.php(502): CodeIgniter\CodeIgniter->runController(Object(App\Controllers\Home))
 8 SYSTEMPATH\CodeIgniter.php(361): CodeIgniter\CodeIgniter->handleRequest(null, Object(Config\Cache), false)
 9 FCPATH\index.php(79): CodeIgniter\CodeIgniter->run()
CRITICAL - 2023-11-24 22:33:56 --> Undefined global variable $_SESSION
in APPPATH\Views\templates\navBar.php on line 18.
 1 APPPATH\Views\templates\navBar.php(18): CodeIgniter\Debug\Exceptions->errorHandler(2, 'Undefined global variable $_SESSION', 'C:\\xampp\\htdocs\\MyNewsCover2\\app\\Views\\templates\\navBar.php', 18)
 2 SYSTEMPATH\View\View.php(228): include('C:\\xampp\\htdocs\\MyNewsCover2\\app\\Views\\templates\\navBar.php')
 3 SYSTEMPATH\View\View.php(231): CodeIgniter\View\View->CodeIgniter\View\{closure}()
 4 SYSTEMPATH\Common.php(1190): CodeIgniter\View\View->render('templates/navBar', [], true)
 5 APPPATH\Controllers\Home.php(9): view('templates/navBar')
 6 SYSTEMPATH\CodeIgniter.php(942): App\Controllers\Home->index()
 7 SYSTEMPATH\CodeIgniter.php(502): CodeIgniter\CodeIgniter->runController(Object(App\Controllers\Home))
 8 SYSTEMPATH\CodeIgniter.php(361): CodeIgniter\CodeIgniter->handleRequest(null, Object(Config\Cache), false)
 9 FCPATH\index.php(79): CodeIgniter\CodeIgniter->run()
CRITICAL - 2023-11-24 22:33:57 --> Undefined global variable $_SESSION
in APPPATH\Views\templates\navBar.php on line 18.
 1 APPPATH\Views\templates\navBar.php(18): CodeIgniter\Debug\Exceptions->errorHandler(2, 'Undefined global variable $_SESSION', 'C:\\xampp\\htdocs\\MyNewsCover2\\app\\Views\\templates\\navBar.php', 18)
 2 SYSTEMPATH\View\View.php(228): include('C:\\xampp\\htdocs\\MyNewsCover2\\app\\Views\\templates\\navBar.php')
 3 SYSTEMPATH\View\View.php(231): CodeIgniter\View\View->CodeIgniter\View\{closure}()
 4 SYSTEMPATH\Common.php(1190): CodeIgniter\View\View->render('templates/navBar', [], true)
 5 APPPATH\Controllers\Home.php(9): view('templates/navBar')
 6 SYSTEMPATH\CodeIgniter.php(942): App\Controllers\Home->index()
 7 SYSTEMPATH\CodeIgniter.php(502): CodeIgniter\CodeIgniter->runController(Object(App\Controllers\Home))
 8 SYSTEMPATH\CodeIgniter.php(361): CodeIgniter\CodeIgniter->handleRequest(null, Object(Config\Cache), false)
 9 FCPATH\index.php(79): CodeIgniter\CodeIgniter->run()
CRITICAL - 2023-11-24 22:33:57 --> Undefined global variable $_SESSION
in APPPATH\Views\templates\navBar.php on line 18.
 1 APPPATH\Views\templates\navBar.php(18): CodeIgniter\Debug\Exceptions->errorHandler(2, 'Undefined global variable $_SESSION', 'C:\\xampp\\htdocs\\MyNewsCover2\\app\\Views\\templates\\navBar.php', 18)
 2 SYSTEMPATH\View\View.php(228): include('C:\\xampp\\htdocs\\MyNewsCover2\\app\\Views\\templates\\navBar.php')
 3 SYSTEMPATH\View\View.php(231): CodeIgniter\View\View->CodeIgniter\View\{closure}()
 4 SYSTEMPATH\Common.php(1190): CodeIgniter\View\View->render('templates/navBar', [], true)
 5 APPPATH\Controllers\Home.php(9): view('templates/navBar')
 6 SYSTEMPATH\CodeIgniter.php(942): App\Controllers\Home->index()
 7 SYSTEMPATH\CodeIgniter.php(502): CodeIgniter\CodeIgniter->runController(Object(App\Controllers\Home))
 8 SYSTEMPATH\CodeIgniter.php(361): CodeIgniter\CodeIgniter->handleRequest(null, Object(Config\Cache), false)
 9 FCPATH\index.php(79): CodeIgniter\CodeIgniter->run()
CRITICAL - 2023-11-24 22:33:57 --> Undefined global variable $_SESSION
in APPPATH\Views\templates\navBar.php on line 18.
 1 APPPATH\Views\templates\navBar.php(18): CodeIgniter\Debug\Exceptions->errorHandler(2, 'Undefined global variable $_SESSION', 'C:\\xampp\\htdocs\\MyNewsCover2\\app\\Views\\templates\\navBar.php', 18)
 2 SYSTEMPATH\View\View.php(228): include('C:\\xampp\\htdocs\\MyNewsCover2\\app\\Views\\templates\\navBar.php')
 3 SYSTEMPATH\View\View.php(231): CodeIgniter\View\View->CodeIgniter\View\{closure}()
 4 SYSTEMPATH\Common.php(1190): CodeIgniter\View\View->render('templates/navBar', [], true)
 5 APPPATH\Controllers\Home.php(9): view('templates/navBar')
 6 SYSTEMPATH\CodeIgniter.php(942): App\Controllers\Home->index()
 7 SYSTEMPATH\CodeIgniter.php(502): CodeIgniter\CodeIgniter->runController(Object(App\Controllers\Home))
 8 SYSTEMPATH\CodeIgniter.php(361): CodeIgniter\CodeIgniter->handleRequest(null, Object(Config\Cache), false)
 9 FCPATH\index.php(79): CodeIgniter\CodeIgniter->run()
CRITICAL - 2023-11-24 22:35:13 --> Invalid file: "templates/footer.php"
in SYSTEMPATH\Exceptions\FrameworkException.php on line 39.
 1 SYSTEMPATH\View\View.php(216): CodeIgniter\Exceptions\FrameworkException::forInvalidFile('templates/footer.php')
 2 SYSTEMPATH\Common.php(1190): CodeIgniter\View\View->render('templates/footer', [], true)
 3 APPPATH\Controllers\Home.php(11): view('templates/footer')
 4 SYSTEMPATH\CodeIgniter.php(942): App\Controllers\Home->index()
 5 SYSTEMPATH\CodeIgniter.php(502): CodeIgniter\CodeIgniter->runController(Object(App\Controllers\Home))
 6 SYSTEMPATH\CodeIgniter.php(361): CodeIgniter\CodeIgniter->handleRequest(null, Object(Config\Cache), false)
 7 FCPATH\index.php(79): CodeIgniter\CodeIgniter->run()
CRITICAL - 2023-11-24 22:48:11 --> Array to string conversion
in APPPATH\Controllers\Home.php on line 10.
 1 APPPATH\Controllers\Home.php(10): CodeIgniter\Debug\Exceptions->errorHandler(2, 'Array to string conversion', 'C:\\xampp\\htdocs\\MyNewsCover2\\app\\Controllers\\Home.php', 10)
 2 SYSTEMPATH\CodeIgniter.php(942): App\Controllers\Home->index()
 3 SYSTEMPATH\CodeIgniter.php(502): CodeIgniter\CodeIgniter->runController(Object(App\Controllers\Home))
 4 SYSTEMPATH\CodeIgniter.php(361): CodeIgniter\CodeIgniter->handleRequest(null, Object(Config\Cache), false)
 5 FCPATH\index.php(79): CodeIgniter\CodeIgniter->run()
